<?xml version="1.0" encoding="utf-8"?><testsuites name="pytest tests"><testsuite name="pytest" errors="0" failures="0" skipped="0" tests="23" time="3.432" timestamp="2026-05-17T22:24:45.212643+00:00" hostname="agent-env-8dcc4a0e-beb3-45c6-95a6-b1d4f0c421d0"><testcase classname="backend.tests.backend_test.TestPublic" name="test_company_info" time="0.225" /><testcase classname="backend.tests.backend_test.TestPublic" name="test_service_area_counties" time="0.049" /><testcase classname="backend.tests.backend_test.TestPublic" name="test_county_slug_credit_ended" time="0.052" /><testcase classname="backend.tests.backend_test.TestPublic" name="test_service_area_not_found" time="0.045" /><testcase classname="backend.tests.backend_test.TestPublic" name="test_testimonials" time="0.046" /><testcase classname="backend.tests.backend_test.TestPublic" name="test_faq_includes_tax_credit_ended" time="0.050" /><testcase classname="backend.tests.backend_test.TestLeadQualify" name="test_hot_lead_full_engagement" time="0.044" /><testcase classname="backend.tests.backend_test.TestLeadQualify" name="test_low_engagement_lead" time="0.048" /><testcase classname="backend.tests.backend_test.TestLeadQualify" name="test_invalid_timeline_rejected" time="0.045" /><testcase classname="backend.tests.backend_test.TestLeadSubmit" name="test_submit_without_tcpa" time="0.050" /><testcase classname="backend.tests.backend_test.TestLeadSubmit" name="test_submit_success" time="0.056" /><testcase classname="backend.tests.backend_test.TestAuth" name="test_login_wrong_password" time="0.046" /><testcase classname="backend.tests.backend_test.TestAuth" name="test_login_success_and_me" time="0.434" /><testcase classname="backend.tests.backend_test.TestAuth" name="test_me_without_auth" time="0.158" /><testcase classname="backend.tests.backend_test.TestAuth" name="test_refresh" time="0.367" /><testcase classname="backend.tests.backend_test.TestAuth" name="test_logout" time="0.393" /><testcase classname="backend.tests.backend_test.TestAuth" name="test_brute_force_lockout" time="0.349" /><testcase classname="backend.tests.backend_test.TestAdminLeads" name="test_list_leads_unauthorized" time="0.101" /><testcase classname="backend.tests.backend_test.TestAdminLeads" name="test_list_leads_authorized" time="0.408" /><testcase classname="backend.tests.backend_test.TestAdminLeads" name="test_filter_by_tier" time="0.050" /><testcase classname="backend.tests.backend_test.TestAdminLeads" name="test_patch_lead_status" time="0.162" /><testcase classname="backend.tests.backend_test.TestAdminLeads" name="test_sync_hcp" time="0.099" /><testcase classname="backend.tests.backend_test.TestAdminLeads" name="test_admin_stats" time="0.056" /></testsuite></testsuites>