<?xml version="1.0" encoding="utf-8"?><testsuites name="pytest tests"><testsuite name="pytest" errors="0" failures="0" skipped="0" tests="23" time="4.664" timestamp="2026-05-17T21:51:07.373510+00:00" hostname="agent-env-8dcc4a0e-beb3-45c6-95a6-b1d4f0c421d0"><testcase classname="backend.tests.backend_test.TestPublic" name="test_company_info" time="0.191" /><testcase classname="backend.tests.backend_test.TestPublic" name="test_service_area_counties" time="0.047" /><testcase classname="backend.tests.backend_test.TestPublic" name="test_service_area_slug" time="0.051" /><testcase classname="backend.tests.backend_test.TestPublic" name="test_service_area_not_found" time="0.121" /><testcase classname="backend.tests.backend_test.TestPublic" name="test_testimonials" time="0.048" /><testcase classname="backend.tests.backend_test.TestPublic" name="test_faq" time="0.050" /><testcase classname="backend.tests.backend_test.TestLeadQualify" name="test_hot_lead" time="0.088" /><testcase classname="backend.tests.backend_test.TestLeadQualify" name="test_nurture_lead" time="0.045" /><testcase classname="backend.tests.backend_test.TestLeadSubmit" name="test_submit_without_tcpa" time="0.053" /><testcase classname="backend.tests.backend_test.TestLeadSubmit" name="test_submit_success" time="0.051" /><testcase classname="backend.tests.backend_test.TestAuth" name="test_login_wrong_password" time="0.283" /><testcase classname="backend.tests.backend_test.TestAuth" name="test_login_success_and_me" time="0.432" /><testcase classname="backend.tests.backend_test.TestAuth" name="test_me_without_auth" time="0.112" /><testcase classname="backend.tests.backend_test.TestAuth" name="test_refresh" time="0.383" /><testcase classname="backend.tests.backend_test.TestAuth" name="test_logout" time="0.376" /><testcase classname="backend.tests.backend_test.TestAuth" name="test_brute_force_lockout" time="0.352" /><testcase classname="backend.tests.backend_test.TestAdminLeads" name="test_list_leads_unauthorized" time="0.150" /><testcase classname="backend.tests.backend_test.TestAdminLeads" name="test_list_leads_authorized" time="0.883" /><testcase classname="backend.tests.backend_test.TestAdminLeads" name="test_filter_by_tier" time="0.052" /><testcase classname="backend.tests.backend_test.TestAdminLeads" name="test_search_filter" time="0.206" /><testcase classname="backend.tests.backend_test.TestAdminLeads" name="test_patch_lead_status" time="0.165" /><testcase classname="backend.tests.backend_test.TestAdminLeads" name="test_sync_hcp" time="0.101" /><testcase classname="backend.tests.backend_test.TestAdminLeads" name="test_admin_stats" time="0.254" /></testsuite></testsuites>